<?xml version="1.0" encoding="UTF-8"?>
<!-- Generated by org.testng.reporters.JUnitXMLReporter -->
<testsuite hostname="KI-LT-65" ignored="0" name="Test" tests="3" failures="1" timestamp="29 Nov 2022 10:45:10 GMT" time="99.783" errors="0">
  <testcase name="verifyPurchaseFunctionality" time="19.563" classname="org.kizora.PurchaseShoes_TC_01"/>
  <testcase name="verifyPurchaseFunctionality" time="25.518" classname="org.kizora.PurchaseShoes_TC_01"/>
  <testcase name="verifyLoginFunctinality" time="18.078" classname="org.kizora.PurchaseShoes_TC_01">
    <failure type="org.openqa.selenium.StaleElementReferenceException" message="The element &amp;apos;By.id: com.androidsample.generalstore:id/toolbar_title&amp;apos; does not exist in DOM anymore
For documentation on this error, please visit: https://selenium.dev/exceptions/#stale_element_reference
Build info: version: &amp;apos;4.6.0&amp;apos;, revision: &amp;apos;79f1c02ae20&amp;apos;
System info: os.name: &amp;apos;Windows 10&amp;apos;, os.arch: &amp;apos;amd64&amp;apos;, os.version: &amp;apos;10.0&amp;apos;, java.version: &amp;apos;1.8.0_202&amp;apos;
Driver info: io.appium.java_client.android.AndroidDriver
Command: [dfcf653c-dc53-4912-bafa-d8881f11983e, getElementText {id=00000000-0000-019f-ffff-ffff00000013}]
Capabilities {appium:app: C:\Users\AkashChoudhary\ecl..., appium:appPackage: com.androidsample.generalstore, appium:automationName: UIAutomator2, appium:chromedriverExecutable: C:\Chrome_driver\chromedriv..., appium:databaseEnabled: false, appium:desired: {app: C:\Users\AkashChoudhary\ecl..., automationName: UIAutomator2, chromedriverExecutable: C:\Chrome_driver\chromedriv..., platformName: android}, appium:deviceApiLevel: 33, appium:deviceManufacturer: Google, appium:deviceModel: sdk_gphone64_x86_64, appium:deviceName: emulator-5554, appium:deviceScreenDensity: 440, appium:deviceScreenSize: 1080x2220, appium:deviceUDID: emulator-5554, appium:javascriptEnabled: true, appium:locationContextEnabled: false, appium:networkConnectionEnabled: true, appium:pixelRatio: 2.75, appium:platformVersion: 13, appium:statBarHeight: 66, appium:takesScreenshot: true, appium:viewportRect: {height: 2088, left: 0, top: 66, width: 1080}, appium:warnings: {}, appium:webStorageEnabled: false, platformName: ANDROID}
Element: [[AndroidDriver:  on ANDROID (dfcf653c-dc53-4912-bafa-d8881f11983e)] -&amp;gt; id: com.androidsample.generalstore:id/toolbar_title]
Session ID: dfcf653c-dc53-4912-bafa-d8881f11983e">
      <![CDATA[org.openqa.selenium.StaleElementReferenceException: The element 'By.id: com.androidsample.generalstore:id/toolbar_title' does not exist in DOM anymore
For documentation on this error, please visit: https://selenium.dev/exceptions/#stale_element_reference
Build info: version: '4.6.0', revision: '79f1c02ae20'
System info: os.name: 'Windows 10', os.arch: 'amd64', os.version: '10.0', java.version: '1.8.0_202'
Driver info: io.appium.java_client.android.AndroidDriver
Command: [dfcf653c-dc53-4912-bafa-d8881f11983e, getElementText {id=00000000-0000-019f-ffff-ffff00000013}]
Capabilities {appium:app: C:\Users\AkashChoudhary\ecl..., appium:appPackage: com.androidsample.generalstore, appium:automationName: UIAutomator2, appium:chromedriverExecutable: C:\Chrome_driver\chromedriv..., appium:databaseEnabled: false, appium:desired: {app: C:\Users\AkashChoudhary\ecl..., automationName: UIAutomator2, chromedriverExecutable: C:\Chrome_driver\chromedriv..., platformName: android}, appium:deviceApiLevel: 33, appium:deviceManufacturer: Google, appium:deviceModel: sdk_gphone64_x86_64, appium:deviceName: emulator-5554, appium:deviceScreenDensity: 440, appium:deviceScreenSize: 1080x2220, appium:deviceUDID: emulator-5554, appium:javascriptEnabled: true, appium:locationContextEnabled: false, appium:networkConnectionEnabled: true, appium:pixelRatio: 2.75, appium:platformVersion: 13, appium:statBarHeight: 66, appium:takesScreenshot: true, appium:viewportRect: {height: 2088, left: 0, top: 66, width: 1080}, appium:warnings: {}, appium:webStorageEnabled: false, platformName: ANDROID}
Element: [[AndroidDriver:  on ANDROID (dfcf653c-dc53-4912-bafa-d8881f11983e)] -> id: com.androidsample.generalstore:id/toolbar_title]
Session ID: dfcf653c-dc53-4912-bafa-d8881f11983e
at org.openqa.selenium.remote.codec.w3c.W3CHttpResponseCodec.createException(W3CHttpResponseCodec.java:200)
at org.openqa.selenium.remote.codec.w3c.W3CHttpResponseCodec.decode(W3CHttpResponseCodec.java:133)
at org.openqa.selenium.remote.codec.w3c.W3CHttpResponseCodec.decode(W3CHttpResponseCodec.java:53)
at org.openqa.selenium.remote.HttpCommandExecutor.execute(HttpCommandExecutor.java:184)
at io.appium.java_client.remote.AppiumCommandExecutor.execute(AppiumCommandExecutor.java:180)
at org.openqa.selenium.remote.RemoteWebDriver.execute(RemoteWebDriver.java:541)
at org.openqa.selenium.remote.RemoteWebElement.execute(RemoteWebElement.java:257)
at org.openqa.selenium.remote.RemoteWebElement.getText(RemoteWebElement.java:207)
at io.appium.java_client.pagefactory.ElementInterceptor.getObject(ElementInterceptor.java:40)
at io.appium.java_client.pagefactory.interceptors.InterceptorOfASingleElement.intercept(InterceptorOfASingleElement.java:60)
at org.openqa.selenium.remote.RemoteWebElement$$EnhancerByCGLIB$$d27c0df4.getText(<generated>)
at org.kizora.pageObjects.android.FormPage.getTitleProduct(FormPage.java:87)
at org.kizora.PurchaseShoes_TC_01.verifyLoginFunctinality(PurchaseShoes_TC_01.java:30)
... Removed 33 stack frames]]>
    </failure>
  </testcase> <!-- verifyLoginFunctinality -->
</testsuite> <!-- Test -->
