<?xml version="1.0" encoding="UTF-8"?>
<testng-results skipped="0" failed="1" ignored="0" total="3" passed="2">
  <reporter-output>
  </reporter-output>
  <suite name="Suite" duration-ms="99783" started-at="2022-11-29T10:43:31Z" finished-at="2022-11-29T10:45:10Z">
    <groups>
      <group name="Smoke">
        <method signature="PurchaseShoes_TC_01.verifyPurchaseFunctionality(java.util.HashMap)[pri:1, instance:org.kizora.PurchaseShoes_TC_01@33d512c1]" name="verifyPurchaseFunctionality" class="org.kizora.PurchaseShoes_TC_01"/>
      </group> <!-- Smoke -->
    </groups>
    <test name="Test" duration-ms="99783" started-at="2022-11-29T10:43:31Z" finished-at="2022-11-29T10:45:10Z">
      <class name="org.kizora.PurchaseShoes_TC_01">
        <test-method status="PASS" signature="ConfigureAppium()[pri:0, instance:org.kizora.PurchaseShoes_TC_01@33d512c1]" name="ConfigureAppium" is-config="true" duration-ms="12748" started-at="2022-11-29T10:43:31Z" finished-at="2022-11-29T10:43:43Z">
          <reporter-output>
          </reporter-output>
        </test-method> <!-- ConfigureAppium -->
        <test-method status="PASS" signature="verifyPurchaseFunctionality(java.util.HashMap)[pri:1, instance:org.kizora.PurchaseShoes_TC_01@33d512c1]" name="verifyPurchaseFunctionality" duration-ms="19563" started-at="2022-11-29T10:43:43Z" data-provider="getData" finished-at="2022-11-29T10:44:03Z">
          <params>
            <param index="0">
              <value>
                <![CDATA[{name=disha choudhary, country=Argentina, gender=Female}]]>
              </value>
            </param>
          </params>
          <reporter-output>
          </reporter-output>
        </test-method> <!-- verifyPurchaseFunctionality -->
        <test-method status="PASS" signature="tearDown()[pri:0, instance:org.kizora.PurchaseShoes_TC_01@33d512c1]" name="tearDown" is-config="true" duration-ms="292" started-at="2022-11-29T10:44:03Z" finished-at="2022-11-29T10:44:03Z">
          <reporter-output>
          </reporter-output>
        </test-method> <!-- tearDown -->
        <test-method status="PASS" signature="ConfigureAppium()[pri:0, instance:org.kizora.PurchaseShoes_TC_01@33d512c1]" name="ConfigureAppium" is-config="true" duration-ms="10637" started-at="2022-11-29T10:44:03Z" finished-at="2022-11-29T10:44:14Z">
          <reporter-output>
          </reporter-output>
        </test-method> <!-- ConfigureAppium -->
        <test-method status="PASS" signature="verifyPurchaseFunctionality(java.util.HashMap)[pri:1, instance:org.kizora.PurchaseShoes_TC_01@33d512c1]" name="verifyPurchaseFunctionality" duration-ms="25518" started-at="2022-11-29T10:44:14Z" data-provider="getData" finished-at="2022-11-29T10:44:39Z">
          <params>
            <param index="0">
              <value>
                <![CDATA[{name=sagar choudhary, country=Canada, gender=male}]]>
              </value>
            </param>
          </params>
          <reporter-output>
          </reporter-output>
        </test-method> <!-- verifyPurchaseFunctionality -->
        <test-method status="PASS" signature="tearDown()[pri:0, instance:org.kizora.PurchaseShoes_TC_01@33d512c1]" name="tearDown" is-config="true" duration-ms="336" started-at="2022-11-29T10:44:39Z" finished-at="2022-11-29T10:44:40Z">
          <reporter-output>
          </reporter-output>
        </test-method> <!-- tearDown -->
        <test-method status="PASS" signature="ConfigureAppium()[pri:0, instance:org.kizora.PurchaseShoes_TC_01@33d512c1]" name="ConfigureAppium" is-config="true" duration-ms="11817" started-at="2022-11-29T10:44:40Z" finished-at="2022-11-29T10:44:52Z">
          <reporter-output>
          </reporter-output>
        </test-method> <!-- ConfigureAppium -->
        <test-method status="FAIL" signature="verifyLoginFunctinality()[pri:2, instance:org.kizora.PurchaseShoes_TC_01@33d512c1]" name="verifyLoginFunctinality" duration-ms="18078" started-at="2022-11-29T10:44:52Z" finished-at="2022-11-29T10:45:10Z">
          <exception class="org.openqa.selenium.StaleElementReferenceException">
            <message>
              <![CDATA[The element 'By.id: com.androidsample.generalstore:id/toolbar_title' does not exist in DOM anymore
For documentation on this error, please visit: https://selenium.dev/exceptions/#stale_element_reference
Build info: version: '4.6.0', revision: '79f1c02ae20'
System info: os.name: 'Windows 10', os.arch: 'amd64', os.version: '10.0', java.version: '1.8.0_202'
Driver info: io.appium.java_client.android.AndroidDriver
Command: [dfcf653c-dc53-4912-bafa-d8881f11983e, getElementText {id=00000000-0000-019f-ffff-ffff00000013}]
Capabilities {appium:app: C:\Users\AkashChoudhary\ecl..., appium:appPackage: com.androidsample.generalstore, appium:automationName: UIAutomator2, appium:chromedriverExecutable: C:\Chrome_driver\chromedriv..., appium:databaseEnabled: false, appium:desired: {app: C:\Users\AkashChoudhary\ecl..., automationName: UIAutomator2, chromedriverExecutable: C:\Chrome_driver\chromedriv..., platformName: android}, appium:deviceApiLevel: 33, appium:deviceManufacturer: Google, appium:deviceModel: sdk_gphone64_x86_64, appium:deviceName: emulator-5554, appium:deviceScreenDensity: 440, appium:deviceScreenSize: 1080x2220, appium:deviceUDID: emulator-5554, appium:javascriptEnabled: true, appium:locationContextEnabled: false, appium:networkConnectionEnabled: true, appium:pixelRatio: 2.75, appium:platformVersion: 13, appium:statBarHeight: 66, appium:takesScreenshot: true, appium:viewportRect: {height: 2088, left: 0, top: 66, width: 1080}, appium:warnings: {}, appium:webStorageEnabled: false, platformName: ANDROID}
Element: [[AndroidDriver:  on ANDROID (dfcf653c-dc53-4912-bafa-d8881f11983e)] -> id: com.androidsample.generalstore:id/toolbar_title]
Session ID: dfcf653c-dc53-4912-bafa-d8881f11983e]]>
            </message>
            <full-stacktrace>
              <![CDATA[org.openqa.selenium.StaleElementReferenceException: The element 'By.id: com.androidsample.generalstore:id/toolbar_title' does not exist in DOM anymore
For documentation on this error, please visit: https://selenium.dev/exceptions/#stale_element_reference
Build info: version: '4.6.0', revision: '79f1c02ae20'
System info: os.name: 'Windows 10', os.arch: 'amd64', os.version: '10.0', java.version: '1.8.0_202'
Driver info: io.appium.java_client.android.AndroidDriver
Command: [dfcf653c-dc53-4912-bafa-d8881f11983e, getElementText {id=00000000-0000-019f-ffff-ffff00000013}]
Capabilities {appium:app: C:\Users\AkashChoudhary\ecl..., appium:appPackage: com.androidsample.generalstore, appium:automationName: UIAutomator2, appium:chromedriverExecutable: C:\Chrome_driver\chromedriv..., appium:databaseEnabled: false, appium:desired: {app: C:\Users\AkashChoudhary\ecl..., automationName: UIAutomator2, chromedriverExecutable: C:\Chrome_driver\chromedriv..., platformName: android}, appium:deviceApiLevel: 33, appium:deviceManufacturer: Google, appium:deviceModel: sdk_gphone64_x86_64, appium:deviceName: emulator-5554, appium:deviceScreenDensity: 440, appium:deviceScreenSize: 1080x2220, appium:deviceUDID: emulator-5554, appium:javascriptEnabled: true, appium:locationContextEnabled: false, appium:networkConnectionEnabled: true, appium:pixelRatio: 2.75, appium:platformVersion: 13, appium:statBarHeight: 66, appium:takesScreenshot: true, appium:viewportRect: {height: 2088, left: 0, top: 66, width: 1080}, appium:warnings: {}, appium:webStorageEnabled: false, platformName: ANDROID}
Element: [[AndroidDriver:  on ANDROID (dfcf653c-dc53-4912-bafa-d8881f11983e)] -> id: com.androidsample.generalstore:id/toolbar_title]
Session ID: dfcf653c-dc53-4912-bafa-d8881f11983e
at sun.reflect.NativeConstructorAccessorImpl.newInstance0(Native Method)
at sun.reflect.NativeConstructorAccessorImpl.newInstance(NativeConstructorAccessorImpl.java:62)
at sun.reflect.DelegatingConstructorAccessorImpl.newInstance(DelegatingConstructorAccessorImpl.java:45)
at java.lang.reflect.Constructor.newInstance(Constructor.java:423)
at org.openqa.selenium.remote.codec.w3c.W3CHttpResponseCodec.createException(W3CHttpResponseCodec.java:200)
at org.openqa.selenium.remote.codec.w3c.W3CHttpResponseCodec.decode(W3CHttpResponseCodec.java:133)
at org.openqa.selenium.remote.codec.w3c.W3CHttpResponseCodec.decode(W3CHttpResponseCodec.java:53)
at org.openqa.selenium.remote.HttpCommandExecutor.execute(HttpCommandExecutor.java:184)
at io.appium.java_client.remote.AppiumCommandExecutor.execute(AppiumCommandExecutor.java:180)
at org.openqa.selenium.remote.RemoteWebDriver.execute(RemoteWebDriver.java:541)
at org.openqa.selenium.remote.RemoteWebElement.execute(RemoteWebElement.java:257)
at org.openqa.selenium.remote.RemoteWebElement.getText(RemoteWebElement.java:207)
at sun.reflect.NativeMethodAccessorImpl.invoke0(Native Method)
at sun.reflect.NativeMethodAccessorImpl.invoke(NativeMethodAccessorImpl.java:62)
at sun.reflect.DelegatingMethodAccessorImpl.invoke(DelegatingMethodAccessorImpl.java:43)
at java.lang.reflect.Method.invoke(Method.java:498)
at io.appium.java_client.pagefactory.ElementInterceptor.getObject(ElementInterceptor.java:40)
at io.appium.java_client.pagefactory.interceptors.InterceptorOfASingleElement.intercept(InterceptorOfASingleElement.java:60)
at org.openqa.selenium.remote.RemoteWebElement$$EnhancerByCGLIB$$d27c0df4.getText(<generated>)
at org.kizora.pageObjects.android.FormPage.getTitleProduct(FormPage.java:87)
at org.kizora.PurchaseShoes_TC_01.verifyLoginFunctinality(PurchaseShoes_TC_01.java:30)
at sun.reflect.NativeMethodAccessorImpl.invoke0(Native Method)
at sun.reflect.NativeMethodAccessorImpl.invoke(NativeMethodAccessorImpl.java:62)
at sun.reflect.DelegatingMethodAccessorImpl.invoke(DelegatingMethodAccessorImpl.java:43)
at java.lang.reflect.Method.invoke(Method.java:498)
at org.testng.internal.MethodInvocationHelper.invokeMethod(MethodInvocationHelper.java:124)
at org.testng.internal.Invoker.invokeMethod(Invoker.java:583)
at org.testng.internal.Invoker.invokeTestMethod(Invoker.java:719)
at org.testng.internal.Invoker.invokeTestMethods(Invoker.java:989)
at org.testng.internal.TestMethodWorker.invokeTestMethods(TestMethodWorker.java:125)
at org.testng.internal.TestMethodWorker.run(TestMethodWorker.java:109)
at org.testng.TestRunner.privateRun(TestRunner.java:648)
at org.testng.TestRunner.run(TestRunner.java:505)
at org.testng.SuiteRunner.runTest(SuiteRunner.java:455)
at org.testng.SuiteRunner.runSequentially(SuiteRunner.java:450)
at org.testng.SuiteRunner.privateRun(SuiteRunner.java:415)
at org.testng.SuiteRunner.run(SuiteRunner.java:364)
at org.testng.SuiteRunnerWorker.runSuite(SuiteRunnerWorker.java:52)
at org.testng.SuiteRunnerWorker.run(SuiteRunnerWorker.java:84)
at org.testng.TestNG.runSuitesSequentially(TestNG.java:1208)
at org.testng.TestNG.runSuitesLocally(TestNG.java:1137)
at org.testng.TestNG.runSuites(TestNG.java:1049)
at org.testng.TestNG.run(TestNG.java:1017)
at org.testng.remote.AbstractRemoteTestNG.run(AbstractRemoteTestNG.java:115)
at org.testng.remote.RemoteTestNG.initAndRun(RemoteTestNG.java:251)
at org.testng.remote.RemoteTestNG.main(RemoteTestNG.java:77)
]]>
            </full-stacktrace>
          </exception> <!-- org.openqa.selenium.StaleElementReferenceException -->
          <reporter-output>
          </reporter-output>
        </test-method> <!-- verifyLoginFunctinality -->
        <test-method status="PASS" signature="tearDown()[pri:0, instance:org.kizora.PurchaseShoes_TC_01@33d512c1]" name="tearDown" is-config="true" duration-ms="307" started-at="2022-11-29T10:45:10Z" finished-at="2022-11-29T10:45:10Z">
          <reporter-output>
          </reporter-output>
        </test-method> <!-- tearDown -->
      </class> <!-- org.kizora.PurchaseShoes_TC_01 -->
    </test> <!-- Test -->
  </suite> <!-- Suite -->
</testng-results>
